[0m16:42:23.260670 [debug] [MainThread]: Sending event: {'category': 'dbt', 'action': 'invocation', 'label': 'start', 'context': [<snowplow_tracker.self_describing_json.SelfDescribingJson object at 0x0000027009AA8390>, <snowplow_tracker.self_describing_json.SelfDescribingJson object at 0x000002700977CC50>, <snowplow_tracker.self_describing_json.SelfDescribingJson object at 0x0000027009976590>]}


============================== 16:42:23.269665 | f993b71c-d9ab-46c1-9979-37fa53a3506c ==============================
[0m16:42:23.269665 [info ] [MainThread]: Running with dbt=1.8.4
[0m16:42:23.270664 [debug] [MainThread]: running dbt with arguments {'printer_width': '80', 'indirect_selection': 'eager', 'log_cache_events': 'False', 'write_json': 'True', 'partial_parse': 'True', 'cache_selected_only': 'False', 'profiles_dir': 'C:\\Users\\csouz\\.dbt', 'fail_fast': 'False', 'debug': 'False', 'log_path': 'logs', 'warn_error': 'None', 'version_check': 'True', 'use_colors': 'True', 'use_experimental_parser': 'False', 'no_print': 'None', 'quiet': 'False', 'empty': 'None', 'log_format': 'default', 'invocation_command': 'dbt init', 'introspect': 'True', 'static_parser': 'True', 'target_path': 'None', 'warn_error_options': 'WarnErrorOptions(include=[], exclude=[])', 'send_anonymous_usage_stats': 'True'}
[0m16:44:00.248018 [debug] [MainThread]: Starter project path: C:\Users\csouz\OneDrive\Área de Trabalho\Projetos\projeto-DBT\.venv\Lib\site-packages\dbt\include\starter_project
[0m16:44:00.347798 [info ] [MainThread]: 
Your new dbt project "datawarehouse" was created!

For more information on how to configure the profiles.yml file,
please consult the dbt documentation here:

  https://docs.getdbt.com/docs/configure-your-profile

One more thing:

Need help? Don't hesitate to reach out to us via GitHub issues or on Slack:

  https://community.getdbt.com/

Happy modeling!

[0m16:44:00.351378 [info ] [MainThread]: Setting up your profile.
[0m16:45:27.419379 [info ] [MainThread]: Profile datawarehouse written to C:\Users\csouz\.dbt\profiles.yml using target's profile_template.yml and your supplied values. Run 'dbt debug' to validate the connection.
[0m16:45:27.423377 [debug] [MainThread]: Command `dbt init` succeeded at 16:45:27.423377 after 184.28 seconds
[0m16:45:27.424376 [debug] [MainThread]: Sending event: {'category': 'dbt', 'action': 'invocation', 'label': 'end', 'context': [<snowplow_tracker.self_describing_json.SelfDescribingJson object at 0x0000027009AAAD50>, <snowplow_tracker.self_describing_json.SelfDescribingJson object at 0x0000027009AA5890>, <snowplow_tracker.self_describing_json.SelfDescribingJson object at 0x000002700385DFD0>]}
[0m16:45:27.426372 [debug] [MainThread]: Flushing usage events
[0m20:43:17.544136 [debug] [MainThread]: Sending event: {'category': 'dbt', 'action': 'invocation', 'label': 'start', 'context': [<snowplow_tracker.self_describing_json.SelfDescribingJson object at 0x7fb3dd226fd0>, <snowplow_tracker.self_describing_json.SelfDescribingJson object at 0x7fb3daad4940>, <snowplow_tracker.self_describing_json.SelfDescribingJson object at 0x7fb3da91e5b0>]}


============================== 20:43:17.549597 | f7614aac-0cb6-4078-a7e9-f73e2d480db0 ==============================
[0m20:43:17.549597 [info ] [MainThread]: Running with dbt=1.8.7
[0m20:43:17.551831 [debug] [MainThread]: running dbt with arguments {'printer_width': '80', 'indirect_selection': 'eager', 'write_json': 'True', 'log_cache_events': 'False', 'partial_parse': 'True', 'cache_selected_only': 'False', 'warn_error': 'None', 'fail_fast': 'False', 'profiles_dir': '/home/anselmo/.dbt', 'log_path': 'logs', 'debug': 'False', 'version_check': 'True', 'use_colors': 'True', 'use_experimental_parser': 'False', 'empty': 'False', 'quiet': 'False', 'no_print': 'None', 'warn_error_options': 'WarnErrorOptions(include=[], exclude=[])', 'invocation_command': 'dbt run', 'introspect': 'True', 'static_parser': 'True', 'target_path': 'None', 'log_format': 'default', 'send_anonymous_usage_stats': 'True'}
[0m20:43:17.554310 [error] [MainThread]: Encountered an error:
Runtime Error
  No dbt_project.yml found at expected path /home/anselmo/ETL-TickersSQL-Python-DBT/dbt_project.yml
  Verify that each entry within packages.yml (and their transitive dependencies) contains a file named dbt_project.yml
  
[0m20:43:17.560623 [debug] [MainThread]: Resource report: {"command_name": "run", "command_wall_clock_time": 0.19295081, "process_user_time": 1.95269, "process_kernel_time": 0.355034, "process_mem_max_rss": "79824", "process_in_blocks": "2288", "process_out_blocks": "16", "command_success": false}
[0m20:43:17.562057 [debug] [MainThread]: Command `dbt run` failed at 20:43:17.561722 after 0.19 seconds
[0m20:43:17.562907 [debug] [MainThread]: Sending event: {'category': 'dbt', 'action': 'invocation', 'label': 'end', 'context': [<snowplow_tracker.self_describing_json.SelfDescribingJson object at 0x7fb3dd226fd0>, <snowplow_tracker.self_describing_json.SelfDescribingJson object at 0x7fb3da91e5b0>, <snowplow_tracker.self_describing_json.SelfDescribingJson object at 0x7fb3daa66730>]}
[0m20:43:17.563677 [debug] [MainThread]: Flushing usage events
[0m20:43:29.477438 [debug] [MainThread]: Sending event: {'category': 'dbt', 'action': 'invocation', 'label': 'start', 'context': [<snowplow_tracker.self_describing_json.SelfDescribingJson object at 0x7fc519b1f6d0>, <snowplow_tracker.self_describing_json.SelfDescribingJson object at 0x7fc5172201c0>, <snowplow_tracker.self_describing_json.SelfDescribingJson object at 0x7fc517df65b0>]}


============================== 20:43:29.481965 | 250f02f5-5b10-4913-9264-bd790c8218cf ==============================
[0m20:43:29.481965 [info ] [MainThread]: Running with dbt=1.8.7
[0m20:43:29.482983 [debug] [MainThread]: running dbt with arguments {'printer_width': '80', 'indirect_selection': 'eager', 'write_json': 'True', 'log_cache_events': 'False', 'partial_parse': 'True', 'cache_selected_only': 'False', 'warn_error': 'None', 'version_check': 'True', 'fail_fast': 'False', 'log_path': 'logs', 'debug': 'False', 'profiles_dir': '/home/anselmo/.dbt', 'use_colors': 'True', 'use_experimental_parser': 'False', 'empty': 'None', 'quiet': 'False', 'no_print': 'None', 'warn_error_options': 'WarnErrorOptions(include=[], exclude=[])', 'introspect': 'True', 'log_format': 'default', 'invocation_command': 'dbt init', 'target_path': 'None', 'static_parser': 'True', 'send_anonymous_usage_stats': 'True'}
[0m20:43:59.782417 [error] [MainThread]: Encountered an error:

[0m20:43:59.786545 [error] [MainThread]: Traceback (most recent call last):
  File "/home/anselmo/ETL-TickersSQL-Python-DBT/.venv/lib/python3.8/site-packages/dbt/cli/requires.py", line 138, in wrapper
    result, success = func(*args, **kwargs)
  File "/home/anselmo/ETL-TickersSQL-Python-DBT/.venv/lib/python3.8/site-packages/dbt/cli/requires.py", line 101, in wrapper
    return func(*args, **kwargs)
  File "/home/anselmo/ETL-TickersSQL-Python-DBT/.venv/lib/python3.8/site-packages/dbt/cli/main.py", line 470, in init
    results = task.run()
  File "/home/anselmo/ETL-TickersSQL-Python-DBT/.venv/lib/python3.8/site-packages/dbt/task/init.py", line 325, in run
    project_name = self.get_valid_project_name()
  File "/home/anselmo/ETL-TickersSQL-Python-DBT/.venv/lib/python3.8/site-packages/dbt/task/init.py", line 279, in get_valid_project_name
    name = click.prompt("Enter a name for your project (letters, digits, underscore)")
  File "/home/anselmo/ETL-TickersSQL-Python-DBT/.venv/lib/python3.8/site-packages/click/termui.py", line 164, in prompt
    value = prompt_func(prompt)
  File "/home/anselmo/ETL-TickersSQL-Python-DBT/.venv/lib/python3.8/site-packages/click/termui.py", line 147, in prompt_func
    raise Abort() from None
click.exceptions.Abort

[0m20:43:59.788723 [debug] [MainThread]: Resource report: {"command_name": "init", "command_wall_clock_time": 30.397356, "process_user_time": 1.840657, "process_kernel_time": 0.089064, "process_mem_max_rss": "82528", "process_out_blocks": "8", "command_success": false, "process_in_blocks": "0"}
[0m20:43:59.790126 [debug] [MainThread]: Command `dbt init` failed at 20:43:59.789777 after 30.40 seconds
[0m20:43:59.791528 [debug] [MainThread]: Sending event: {'category': 'dbt', 'action': 'invocation', 'label': 'end', 'context': [<snowplow_tracker.self_describing_json.SelfDescribingJson object at 0x7fc519b1f6d0>, <snowplow_tracker.self_describing_json.SelfDescribingJson object at 0x7fc5172201c0>, <snowplow_tracker.self_describing_json.SelfDescribingJson object at 0x7fc51720f8b0>]}
[0m20:43:59.792665 [debug] [MainThread]: Flushing usage events
[0m20:44:08.167043 [debug] [MainThread]: Sending event: {'category': 'dbt', 'action': 'invocation', 'label': 'start', 'context': [<snowplow_tracker.self_describing_json.SelfDescribingJson object at 0x7f80024a6ca0>, <snowplow_tracker.self_describing_json.SelfDescribingJson object at 0x7f80007f3160>, <snowplow_tracker.self_describing_json.SelfDescribingJson object at 0x7f80012a50d0>]}


============================== 20:44:08.171294 | 783f7e96-af1e-4636-af79-3e6cc60c2404 ==============================
[0m20:44:08.171294 [info ] [MainThread]: Running with dbt=1.8.7
[0m20:44:08.172243 [debug] [MainThread]: running dbt with arguments {'printer_width': '80', 'indirect_selection': 'eager', 'log_cache_events': 'False', 'write_json': 'True', 'partial_parse': 'True', 'cache_selected_only': 'False', 'profiles_dir': '/home/anselmo/.dbt', 'debug': 'False', 'warn_error': 'None', 'log_path': 'logs', 'fail_fast': 'False', 'version_check': 'True', 'use_colors': 'True', 'use_experimental_parser': 'False', 'no_print': 'None', 'quiet': 'False', 'empty': 'None', 'warn_error_options': 'WarnErrorOptions(include=[], exclude=[])', 'static_parser': 'True', 'introspect': 'True', 'invocation_command': 'dbt init', 'target_path': 'None', 'log_format': 'default', 'send_anonymous_usage_stats': 'True'}
[0m20:44:26.890145 [debug] [MainThread]: Starter project path: /home/anselmo/ETL-TickersSQL-Python-DBT/.venv/lib/python3.8/site-packages/dbt/include/starter_project
[0m20:44:26.907600 [info ] [MainThread]: 
Your new dbt project "dw_tickers" was created!

For more information on how to configure the profiles.yml file,
please consult the dbt documentation here:

  https://docs.getdbt.com/docs/configure-your-profile

One more thing:

Need help? Don't hesitate to reach out to us via GitHub issues or on Slack:

  https://community.getdbt.com/

Happy modeling!

[0m20:44:26.909320 [info ] [MainThread]: Setting up your profile.
[0m20:45:27.633903 [info ] [MainThread]: Profile dw_tickers written to /home/anselmo/.dbt/profiles.yml using target's profile_template.yml and your supplied values. Run 'dbt debug' to validate the connection.
[0m20:45:27.636789 [debug] [MainThread]: Resource report: {"command_name": "init", "command_success": true, "command_wall_clock_time": 79.56878, "process_user_time": 1.855687, "process_kernel_time": 0.168698, "process_mem_max_rss": "86324", "process_out_blocks": "72", "process_in_blocks": "0"}
[0m20:45:27.639270 [debug] [MainThread]: Command `dbt init` succeeded at 20:45:27.638934 after 79.57 seconds
[0m20:45:27.640493 [debug] [MainThread]: Sending event: {'category': 'dbt', 'action': 'invocation', 'label': 'end', 'context': [<snowplow_tracker.self_describing_json.SelfDescribingJson object at 0x7f80024a6ca0>, <snowplow_tracker.self_describing_json.SelfDescribingJson object at 0x7f7ffe1a5d90>, <snowplow_tracker.self_describing_json.SelfDescribingJson object at 0x7f80012a50d0>]}
[0m20:45:27.642367 [debug] [MainThread]: Flushing usage events
